<?xml version="1.0" encoding="UTF-8"?>
<!-- Generated by org.testng.reporters.JUnitXMLReporter -->
<testsuite ignored="0" hostname="khadija" failures="1" tests="1" name="Default test" time="45.738" errors="0" timestamp="2024-01-19T23:06:31 IST">
  <testcase classname="io.cucumber.testng.AbstractTestNGCucumberTests" name="runScenario" time="42.324">
    <failure type="java.lang.AssertionError" message="expected [MlpmShYa] but found [Mohammad Shahnawaz]">
      <![CDATA[java.lang.AssertionError: expected [MlpmShYa] but found [Mohammad Shahnawaz]
at org.testng.Assert.fail(Assert.java:99)
at org.testng.Assert.failNotEquals(Assert.java:1037)
at org.testng.Assert.assertEqualsImpl(Assert.java:140)
at org.testng.Assert.assertEquals(Assert.java:122)
at org.testng.Assert.assertEquals(Assert.java:629)
at org.testng.Assert.assertEquals(Assert.java:639)
at pages.SignInPage.verifyUserLoginSuccessfully(SignInPage.java:81)
at steps.StepDefinitions.iVerifyTheUserIsLoginSuccessfully(StepDefinitions.java:70)
at ✽.I verify the user is login successfully(file:///C:/testng-project/poc-ecommerce/src/test/resources/features/account_register.feature:19)
]]>
    </failure>
  </testcase> <!-- runScenario -->
</testsuite> <!-- Default test -->
