<?xml version="1.0" encoding="UTF-8"?>
<testsuite xmlns:xsi="http://www.w3.org/2001/XMLSchema-instance" xsi:noNamespaceSchemaLocation="https://maven.apache.org/surefire/maven-surefire-plugin/xsd/surefire-test-report-3.0.xsd" version="3.0" name="TestSuite" time="51.95" tests="4" errors="0" skipped="3" failures="1">
  <properties>
[...]
</properties>
  <testcase name="runScenario[&quot;Register Account&quot;, &quot;Login Functions&quot;](1)" classname="Runners.MyRunner" time="0.0">
    <skipped message="invalid element state&#10;  (Session info: chrome=120.0.6099.217)&#10;Build info: version: &apos;4.16.1&apos;, revision: &apos;9b4c83354e&apos;&#10;System info: os.name: &apos;Windows 11&apos;, os.arch: &apos;amd64&apos;, os.version: &apos;10.0&apos;, java.version: &apos;11.0.16.1&apos;&#10;Driver info: org.openqa.selenium.chrome.ChromeDriver&#10;Command: [9339e6f8f6d4cce5973b32f8af5ab987, clearElement {id=A9170B68DD6AA22706836A73A8CD195D_element_53}]&#10;Capabilities {acceptInsecureCerts: false, browserName: chrome, browserVersion: 120.0.6099.217, chrome: {chromedriverVersion: 120.0.6099.109 (3419140ab66..., userDataDir: C:\Users\shahn\AppData\Loca...}, fedcm:accounts: true, goog:chromeOptions: {debuggerAddress: localhost:54785}, networkConnectionEnabled: false, pageLoadStrategy: normal, platformName: windows, proxy: Proxy(), se:cdp: ws://localhost:54785/devtoo..., se:cdpVersion: 120.0.6099.217, setWindowRect: true, strictFileInteractability: false, timeouts: {implicit: 0, pageLoad: 300000, script: 30000}, unhandledPromptBehavior: dismiss and notify, webauthn:extension:credBlob: true, webauthn:extension:largeBlob: true, webauthn:extension:minPinLength: true, webauthn:extension:prf: true, webauthn:virtualAuthenticators: true}&#10;Element: [[ChromeDriver: chrome on windows (9339e6f8f6d4cce5973b32f8af5ab987)] -&gt; id: first_name]&#10;Session ID: 9339e6f8f6d4cce5973b32f8af5ab987"/>
    <system-out><![CDATA[01-14-2024 19:31:23 StepDefinitions.java ERROR [main] steps.StepDefinitions 25 - page is not opened
01-14-2024 19:31:23 StepDefinitions.java INFO  [main] steps.StepDefinitions 26 - -- Open home page
01-14-2024 19:31:23 StepDefinitions.java INFO  [main] steps.StepDefinitions 28 - -- Page opened
01-14-2024 19:31:23 StepDefinitions.java WARN  [main] steps.StepDefinitions 29 - warn message
01-14-2024 19:31:23 StepDefinitions.java DEBUG [main] steps.StepDefinitions 30 - debug message
01-14-2024 19:31:23 StepDefinitions.java FATAL [main] steps.StepDefinitions 31 - Fatal error
01-14-2024 19:31:23 StepDefinitions.java INFO  [main] steps.StepDefinitions 35 - click on account page
01-14-2024 19:31:27 StepDefinitions.java INFO  [main] steps.StepDefinitions 37 - clicked on account page
01-14-2024 19:31:27 StepDefinitions.java INFO  [main] steps.StepDefinitions 41 - verify sign in page
01-14-2024 19:31:27 StepDefinitions.java INFO  [main] steps.StepDefinitions 43 - verified sign in page
]]></system-out>
    <system-err><![CDATA[SLF4J: Failed to load class "org.slf4j.impl.StaticLoggerBinder".
SLF4J: Defaulting to no-operation (NOP) logger implementation
SLF4J: See http://www.slf4j.org/codes.html#StaticLoggerBinder for further details.
]]></system-err>
  </testcase>
  <testcase name="runScenario[&quot;Register Account&quot;, &quot;Login Functions&quot;](2)" classname="Runners.MyRunner" time="0.0">
    <skipped message="invalid element state&#10;  (Session info: chrome=120.0.6099.217)&#10;Build info: version: &apos;4.16.1&apos;, revision: &apos;9b4c83354e&apos;&#10;System info: os.name: &apos;Windows 11&apos;, os.arch: &apos;amd64&apos;, os.version: &apos;10.0&apos;, java.version: &apos;11.0.16.1&apos;&#10;Driver info: org.openqa.selenium.chrome.ChromeDriver&#10;Command: [01875bc99e8e7ac9342099a183bd0d8f, clearElement {id=8D8B27637B255701B7A4E66CC6A992C3_element_68}]&#10;Capabilities {acceptInsecureCerts: false, browserName: chrome, browserVersion: 120.0.6099.217, chrome: {chromedriverVersion: 120.0.6099.109 (3419140ab66..., userDataDir: C:\Users\shahn\AppData\Loca...}, fedcm:accounts: true, goog:chromeOptions: {debuggerAddress: localhost:54882}, networkConnectionEnabled: false, pageLoadStrategy: normal, platformName: windows, proxy: Proxy(), se:cdp: ws://localhost:54882/devtoo..., se:cdpVersion: 120.0.6099.217, setWindowRect: true, strictFileInteractability: false, timeouts: {implicit: 0, pageLoad: 300000, script: 30000}, unhandledPromptBehavior: dismiss and notify, webauthn:extension:credBlob: true, webauthn:extension:largeBlob: true, webauthn:extension:minPinLength: true, webauthn:extension:prf: true, webauthn:virtualAuthenticators: true}&#10;Element: [[ChromeDriver: chrome on windows (01875bc99e8e7ac9342099a183bd0d8f)] -&gt; id: first_name]&#10;Session ID: 01875bc99e8e7ac9342099a183bd0d8f"/>
    <system-out><![CDATA[01-14-2024 19:31:35 StepDefinitions.java ERROR [main] steps.StepDefinitions 25 - page is not opened
01-14-2024 19:31:35 StepDefinitions.java INFO  [main] steps.StepDefinitions 26 - -- Open home page
01-14-2024 19:31:35 StepDefinitions.java INFO  [main] steps.StepDefinitions 28 - -- Page opened
01-14-2024 19:31:35 StepDefinitions.java WARN  [main] steps.StepDefinitions 29 - warn message
01-14-2024 19:31:35 StepDefinitions.java DEBUG [main] steps.StepDefinitions 30 - debug message
01-14-2024 19:31:35 StepDefinitions.java FATAL [main] steps.StepDefinitions 31 - Fatal error
01-14-2024 19:31:35 StepDefinitions.java INFO  [main] steps.StepDefinitions 35 - click on account page
01-14-2024 19:31:37 StepDefinitions.java INFO  [main] steps.StepDefinitions 37 - clicked on account page
01-14-2024 19:31:37 StepDefinitions.java INFO  [main] steps.StepDefinitions 41 - verify sign in page
01-14-2024 19:31:37 StepDefinitions.java INFO  [main] steps.StepDefinitions 43 - verified sign in page
]]></system-out>
  </testcase>
  <testcase name="runScenario[&quot;Register Account&quot;, &quot;Login Functions&quot;](3)" classname="Runners.MyRunner" time="0.0">
    <skipped message="invalid element state&#10;  (Session info: chrome=120.0.6099.217)&#10;Build info: version: &apos;4.16.1&apos;, revision: &apos;9b4c83354e&apos;&#10;System info: os.name: &apos;Windows 11&apos;, os.arch: &apos;amd64&apos;, os.version: &apos;10.0&apos;, java.version: &apos;11.0.16.1&apos;&#10;Driver info: org.openqa.selenium.chrome.ChromeDriver&#10;Command: [ba2c641c65629252f65307dc46be9b53, clearElement {id=80652BD03B76E2E9EE69D3CAEA8D3ABA_element_67}]&#10;Capabilities {acceptInsecureCerts: false, browserName: chrome, browserVersion: 120.0.6099.217, chrome: {chromedriverVersion: 120.0.6099.109 (3419140ab66..., userDataDir: C:\Users\shahn\AppData\Loca...}, fedcm:accounts: true, goog:chromeOptions: {debuggerAddress: localhost:54974}, networkConnectionEnabled: false, pageLoadStrategy: normal, platformName: windows, proxy: Proxy(), se:cdp: ws://localhost:54974/devtoo..., se:cdpVersion: 120.0.6099.217, setWindowRect: true, strictFileInteractability: false, timeouts: {implicit: 0, pageLoad: 300000, script: 30000}, unhandledPromptBehavior: dismiss and notify, webauthn:extension:credBlob: true, webauthn:extension:largeBlob: true, webauthn:extension:minPinLength: true, webauthn:extension:prf: true, webauthn:virtualAuthenticators: true}&#10;Element: [[ChromeDriver: chrome on windows (ba2c641c65629252f65307dc46be9b53)] -&gt; id: first_name]&#10;Session ID: ba2c641c65629252f65307dc46be9b53"/>
    <system-out><![CDATA[01-14-2024 19:31:42 StepDefinitions.java ERROR [main] steps.StepDefinitions 25 - page is not opened
01-14-2024 19:31:42 StepDefinitions.java INFO  [main] steps.StepDefinitions 26 - -- Open home page
01-14-2024 19:31:42 StepDefinitions.java INFO  [main] steps.StepDefinitions 28 - -- Page opened
01-14-2024 19:31:42 StepDefinitions.java WARN  [main] steps.StepDefinitions 29 - warn message
01-14-2024 19:31:42 StepDefinitions.java DEBUG [main] steps.StepDefinitions 30 - debug message
01-14-2024 19:31:42 StepDefinitions.java FATAL [main] steps.StepDefinitions 31 - Fatal error
01-14-2024 19:31:42 StepDefinitions.java INFO  [main] steps.StepDefinitions 35 - click on account page
01-14-2024 19:31:46 StepDefinitions.java INFO  [main] steps.StepDefinitions 37 - clicked on account page
01-14-2024 19:31:46 StepDefinitions.java INFO  [main] steps.StepDefinitions 41 - verify sign in page
01-14-2024 19:31:46 StepDefinitions.java INFO  [main] steps.StepDefinitions 43 - verified sign in page
]]></system-out>
  </testcase>
  <testcase name="runScenario[&quot;Register Account&quot;, &quot;Login Functions&quot;](4)" classname="Runners.MyRunner" time="14.079">
    <failure message="invalid element state&#10;  (Session info: chrome=120.0.6099.217)&#10;Build info: version: &apos;4.16.1&apos;, revision: &apos;9b4c83354e&apos;&#10;System info: os.name: &apos;Windows 11&apos;, os.arch: &apos;amd64&apos;, os.version: &apos;10.0&apos;, java.version: &apos;11.0.16.1&apos;&#10;Driver info: org.openqa.selenium.chrome.ChromeDriver&#10;Command: [4c1eee9dedb79146491a846f9bee1019, clearElement {id=231E73E4E0CFA5C05395709F5404A50E_element_68}]&#10;Capabilities {acceptInsecureCerts: false, browserName: chrome, browserVersion: 120.0.6099.217, chrome: {chromedriverVersion: 120.0.6099.109 (3419140ab66..., userDataDir: C:\Users\shahn\AppData\Loca...}, fedcm:accounts: true, goog:chromeOptions: {debuggerAddress: localhost:55130}, networkConnectionEnabled: false, pageLoadStrategy: normal, platformName: windows, proxy: Proxy(), se:cdp: ws://localhost:55130/devtoo..., se:cdpVersion: 120.0.6099.217, setWindowRect: true, strictFileInteractability: false, timeouts: {implicit: 0, pageLoad: 300000, script: 30000}, unhandledPromptBehavior: dismiss and notify, webauthn:extension:credBlob: true, webauthn:extension:largeBlob: true, webauthn:extension:minPinLength: true, webauthn:extension:prf: true, webauthn:virtualAuthenticators: true}&#10;Element: [[ChromeDriver: chrome on windows (4c1eee9dedb79146491a846f9bee1019)] -&gt; id: first_name]&#10;Session ID: 4c1eee9dedb79146491a846f9bee1019" type="org.openqa.selenium.InvalidElementStateException"><![CDATA[org.openqa.selenium.InvalidElementStateException: 
invalid element state
  (Session info: chrome=120.0.6099.217)
Build info: version: '4.16.1', revision: '9b4c83354e'
System info: os.name: 'Windows 11', os.arch: 'amd64', os.version: '10.0', java.version: '11.0.16.1'
Driver info: org.openqa.selenium.chrome.ChromeDriver
Command: [4c1eee9dedb79146491a846f9bee1019, clearElement {id=231E73E4E0CFA5C05395709F5404A50E_element_68}]
Capabilities {acceptInsecureCerts: false, browserName: chrome, browserVersion: 120.0.6099.217, chrome: {chromedriverVersion: 120.0.6099.109 (3419140ab66..., userDataDir: C:\Users\shahn\AppData\Loca...}, fedcm:accounts: true, goog:chromeOptions: {debuggerAddress: localhost:55130}, networkConnectionEnabled: false, pageLoadStrategy: normal, platformName: windows, proxy: Proxy(), se:cdp: ws://localhost:55130/devtoo..., se:cdpVersion: 120.0.6099.217, setWindowRect: true, strictFileInteractability: false, timeouts: {implicit: 0, pageLoad: 300000, script: 30000}, unhandledPromptBehavior: dismiss and notify, webauthn:extension:credBlob: true, webauthn:extension:largeBlob: true, webauthn:extension:minPinLength: true, webauthn:extension:prf: true, webauthn:virtualAuthenticators: true}
Element: [[ChromeDriver: chrome on windows (4c1eee9dedb79146491a846f9bee1019)] -> id: first_name]
Session ID: 4c1eee9dedb79146491a846f9bee1019
	at java.base/jdk.internal.reflect.NativeConstructorAccessorImpl.newInstance0(Native Method)
	at java.base/jdk.internal.reflect.NativeConstructorAccessorImpl.newInstance(NativeConstructorAccessorImpl.java:62)
	at java.base/jdk.internal.reflect.DelegatingConstructorAccessorImpl.newInstance(DelegatingConstructorAccessorImpl.java:45)
	at java.base/java.lang.reflect.Constructor.newInstance(Constructor.java:490)
	at org.openqa.selenium.remote.codec.w3c.W3CHttpResponseCodec.createException(W3CHttpResponseCodec.java:200)
	at org.openqa.selenium.remote.codec.w3c.W3CHttpResponseCodec.decode(W3CHttpResponseCodec.java:133)
	at org.openqa.selenium.remote.codec.w3c.W3CHttpResponseCodec.decode(W3CHttpResponseCodec.java:52)
	at org.openqa.selenium.remote.HttpCommandExecutor.execute(HttpCommandExecutor.java:191)
	at org.openqa.selenium.remote.service.DriverCommandExecutor.invokeExecute(DriverCommandExecutor.java:200)
	at org.openqa.selenium.remote.service.DriverCommandExecutor.execute(DriverCommandExecutor.java:175)
	at org.openqa.selenium.remote.RemoteWebDriver.execute(RemoteWebDriver.java:523)
	at org.openqa.selenium.remote.RemoteWebElement.execute(RemoteWebElement.java:224)
	at org.openqa.selenium.remote.RemoteWebElement.clear(RemoteWebElement.java:130)
	at java.base/jdk.internal.reflect.NativeMethodAccessorImpl.invoke0(Native Method)
	at java.base/jdk.internal.reflect.NativeMethodAccessorImpl.invoke(NativeMethodAccessorImpl.java:62)
	at java.base/jdk.internal.reflect.DelegatingMethodAccessorImpl.invoke(DelegatingMethodAccessorImpl.java:43)
	at java.base/java.lang.reflect.Method.invoke(Method.java:566)
	at org.openqa.selenium.support.pagefactory.internal.LocatingElementHandler.invoke(LocatingElementHandler.java:51)
	at com.sun.proxy.$Proxy23.clear(Unknown Source)
	at utils.SeleniumCommonFunction.clearText(SeleniumCommonFunction.java:14)
	at pages.SignUpPage.feedDataForRegistrationForm(SignUpPage.java:43)
	at steps.StepDefinitions.feed_the_value(StepDefinitions.java:51)
	at ✽.feed the value(file:///C:/testng-project/poc-ecommerce/src/test/resources/features/account_register.feature:9)
]]></failure>
    <system-out><![CDATA[01-14-2024 19:31:55 StepDefinitions.java ERROR [main] steps.StepDefinitions 25 - page is not opened
01-14-2024 19:31:55 StepDefinitions.java INFO  [main] steps.StepDefinitions 26 - -- Open home page
01-14-2024 19:31:55 StepDefinitions.java INFO  [main] steps.StepDefinitions 28 - -- Page opened
01-14-2024 19:31:55 StepDefinitions.java WARN  [main] steps.StepDefinitions 29 - warn message
01-14-2024 19:31:55 StepDefinitions.java DEBUG [main] steps.StepDefinitions 30 - debug message
01-14-2024 19:31:55 StepDefinitions.java FATAL [main] steps.StepDefinitions 31 - Fatal error
01-14-2024 19:31:55 StepDefinitions.java INFO  [main] steps.StepDefinitions 35 - click on account page
01-14-2024 19:31:59 StepDefinitions.java INFO  [main] steps.StepDefinitions 37 - clicked on account page
01-14-2024 19:31:59 StepDefinitions.java INFO  [main] steps.StepDefinitions 41 - verify sign in page
01-14-2024 19:31:59 StepDefinitions.java INFO  [main] steps.StepDefinitions 43 - verified sign in page
]]></system-out>
  </testcase>
</testsuite>