<?xml version="1.0" encoding="UTF-8"?>
<testng-results ignored="0" total="1" passed="0" failed="1" skipped="0">
  <reporter-output>
  </reporter-output>
  <suite started-at="2024-01-19T23:05:45 IST" name="Default suite" finished-at="2024-01-19T23:06:31 IST" duration-ms="45738">
    <groups>
      <group name="cucumber">
        <method signature="AbstractTestNGCucumberTests.runScenario(io.cucumber.testng.PickleWrapper,io.cucumber.testng.FeatureWrapper)[pri:0, instance:Runners.MyRunner@1c7696c6]" name="runScenario" class="io.cucumber.testng.AbstractTestNGCucumberTests"/>
      </group> <!-- cucumber -->
    </groups>
    <test started-at="2024-01-19T23:05:45 IST" name="Default test" finished-at="2024-01-19T23:06:31 IST" duration-ms="45738">
      <class name="Runners.MyRunner">
        <test-method is-config="true" signature="setUpClass(org.testng.ITestContext)[pri:0, instance:Runners.MyRunner@1c7696c6]" started-at="2024-01-19T23:05:45 IST" name="setUpClass" finished-at="2024-01-19T23:05:46 IST" duration-ms="302" status="PASS">
          <params>
            <param index="0">
              <value>
                <![CDATA[org.testng.TestRunner@1ba35152]]>
              </value>
            </param>
          </params>
          <reporter-output>
          </reporter-output>
        </test-method> <!-- setUpClass -->
        <test-method signature="runScenario(io.cucumber.testng.PickleWrapper,io.cucumber.testng.FeatureWrapper)[pri:0, instance:Runners.MyRunner@1c7696c6]" started-at="2024-01-19T23:05:46 IST" name="runScenario" description="Runs Cucumber Scenarios" data-provider="scenarios" finished-at="2024-01-19T23:06:28 IST" duration-ms="42324" status="FAIL">
          <params>
            <param index="0">
              <value>
                <![CDATA["Login Accounts"]]>
              </value>
            </param>
            <param index="1">
              <value>
                <![CDATA["Login Functions"]]>
              </value>
            </param>
          </params>
          <exception class="java.lang.AssertionError">
            <message>
              <![CDATA[expected [MlpmShYa] but found [Mohammad Shahnawaz]]]>
            </message>
            <full-stacktrace>
              <![CDATA[java.lang.AssertionError: expected [MlpmShYa] but found [Mohammad Shahnawaz]
at org.testng.Assert.fail(Assert.java:99)
at org.testng.Assert.failNotEquals(Assert.java:1037)
at org.testng.Assert.assertEqualsImpl(Assert.java:140)
at org.testng.Assert.assertEquals(Assert.java:122)
at org.testng.Assert.assertEquals(Assert.java:629)
at org.testng.Assert.assertEquals(Assert.java:639)
at pages.SignInPage.verifyUserLoginSuccessfully(SignInPage.java:81)
at steps.StepDefinitions.iVerifyTheUserIsLoginSuccessfully(StepDefinitions.java:70)
at ✽.I verify the user is login successfully(file:///C:/testng-project/poc-ecommerce/src/test/resources/features/account_register.feature:19)
]]>
            </full-stacktrace>
          </exception> <!-- java.lang.AssertionError -->
          <reporter-output>
          </reporter-output>
        </test-method> <!-- runScenario -->
        <test-method is-config="true" signature="tearDownClass()[pri:0, instance:Runners.MyRunner@1c7696c6]" started-at="2024-01-19T23:06:28 IST" name="tearDownClass" finished-at="2024-01-19T23:06:31 IST" duration-ms="3090" status="PASS">
          <reporter-output>
          </reporter-output>
        </test-method> <!-- tearDownClass -->
      </class> <!-- Runners.MyRunner -->
    </test> <!-- Default test -->
  </suite> <!-- Default suite -->
</testng-results>
